

============================== 2023-04-18 19:36:50.603983 | c59cead1-2f54-49c7-8ec7-43a4ed9d41e7 ==============================
[0m19:36:50.603983 [info ] [MainThread]: Running with dbt=1.4.5
[0m19:36:50.604855 [debug] [MainThread]: running dbt with arguments {'write_json': True, 'use_colors': True, 'printer_width': 80, 'version_check': True, 'partial_parse': True, 'static_parser': True, 'profiles_dir': '/Users/sheel/.dbt', 'send_anonymous_usage_stats': True, 'quiet': False, 'no_print': False, 'cache_selected_only': False, 'project_name': 'weather_metrics', 'skip_profile_setup': False, 'which': 'init', 'indirect_selection': 'eager'}
[0m19:36:50.604948 [debug] [MainThread]: Tracking: tracking
[0m19:36:50.614954 [debug] [MainThread]: Sending event: {'category': 'dbt', 'action': 'invocation', 'label': 'start', 'context': [<snowplow_tracker.self_describing_json.SelfDescribingJson object at 0x110fb5de0>, <snowplow_tracker.self_describing_json.SelfDescribingJson object at 0x110fb6920>, <snowplow_tracker.self_describing_json.SelfDescribingJson object at 0x110fb7460>]}
[0m19:36:50.616789 [debug] [MainThread]: Starter project path: /Users/sheel/Documents/code/dbt-weather-metrics/venv/lib/python3.10/site-packages/dbt/include/starter_project
[0m19:39:30.925476 [info ] [MainThread]: Profile weather_metrics written to /Users/sheel/.dbt/profiles.yml using target's profile_template.yml and your supplied values. Run 'dbt debug' to validate the connection.
[0m19:39:30.927544 [info ] [MainThread]: 
Your new dbt project "weather_metrics" was created!

For more information on how to configure the profiles.yml file,
please consult the dbt documentation here:

  https://docs.getdbt.com/docs/configure-your-profile

One more thing:

Need help? Don't hesitate to reach out to us via GitHub issues or on Slack:

  https://community.getdbt.com/

Happy modeling!

[0m19:39:30.928730 [debug] [MainThread]: Sending event: {'category': 'dbt', 'action': 'invocation', 'label': 'end', 'context': [<snowplow_tracker.self_describing_json.SelfDescribingJson object at 0x110fe96c0>, <snowplow_tracker.self_describing_json.SelfDescribingJson object at 0x110fb7460>, <snowplow_tracker.self_describing_json.SelfDescribingJson object at 0x110fb7160>]}
[0m19:39:30.929600 [debug] [MainThread]: Flushing usage events


============================== 2023-04-18 19:39:54.275950 | 726eb279-c521-44b3-b059-93e597c8a5b9 ==============================
[0m19:39:54.275950 [info ] [MainThread]: Running with dbt=1.4.5
[0m19:39:54.276892 [debug] [MainThread]: running dbt with arguments {'write_json': True, 'use_colors': True, 'printer_width': 80, 'version_check': True, 'partial_parse': True, 'static_parser': True, 'profiles_dir': '/Users/sheel/.dbt', 'send_anonymous_usage_stats': True, 'quiet': False, 'no_print': False, 'cache_selected_only': False, 'config_dir': False, 'which': 'debug', 'indirect_selection': 'eager'}
[0m19:39:54.277017 [debug] [MainThread]: Tracking: tracking
[0m19:39:54.287923 [debug] [MainThread]: Sending event: {'category': 'dbt', 'action': 'invocation', 'label': 'start', 'context': [<snowplow_tracker.self_describing_json.SelfDescribingJson object at 0x103bda8c0>, <snowplow_tracker.self_describing_json.SelfDescribingJson object at 0x103c09090>, <snowplow_tracker.self_describing_json.SelfDescribingJson object at 0x103c08880>]}
[0m19:39:54.291740 [info ] [MainThread]: Error importing adapter: No module named 'dbt.adapters.bigquery'
[0m19:39:54.502390 [debug] [MainThread]: Executing "git --help"
[0m19:39:54.514713 [debug] [MainThread]: STDOUT: "b"usage: git [-v | --version] [-h | --help] [-C <path>] [-c <name>=<value>]\n           [--exec-path[=<path>]] [--html-path] [--man-path] [--info-path]\n           [-p | --paginate | -P | --no-pager] [--no-replace-objects] [--bare]\n           [--git-dir=<path>] [--work-tree=<path>] [--namespace=<name>]\n           [--config-env=<name>=<envvar>] <command> [<args>]\n\nThese are common Git commands used in various situations:\n\nstart a working area (see also: git help tutorial)\n   clone     Clone a repository into a new directory\n   init      Create an empty Git repository or reinitialize an existing one\n\nwork on the current change (see also: git help everyday)\n   add       Add file contents to the index\n   mv        Move or rename a file, a directory, or a symlink\n   restore   Restore working tree files\n   rm        Remove files from the working tree and from the index\n\nexamine the history and state (see also: git help revisions)\n   bisect    Use binary search to find the commit that introduced a bug\n   diff      Show changes between commits, commit and working tree, etc\n   grep      Print lines matching a pattern\n   log       Show commit logs\n   show      Show various types of objects\n   status    Show the working tree status\n\ngrow, mark and tweak your common history\n   branch    List, create, or delete branches\n   commit    Record changes to the repository\n   merge     Join two or more development histories together\n   rebase    Reapply commits on top of another base tip\n   reset     Reset current HEAD to the specified state\n   switch    Switch branches\n   tag       Create, list, delete or verify a tag object signed with GPG\n\ncollaborate (see also: git help workflows)\n   fetch     Download objects and refs from another repository\n   pull      Fetch from and integrate with another repository or a local branch\n   push      Update remote refs along with associated objects\n\n'git help -a' and 'git help -g' list available subcommands and some\nconcept guides. See 'git help <command>' or 'git help <concept>'\nto read about a specific subcommand or concept.\nSee 'git help git' for an overview of the system.\n""
[0m19:39:54.515111 [debug] [MainThread]: STDERR: "b''"
[0m19:39:54.515449 [debug] [MainThread]: Sending event: {'category': 'dbt', 'action': 'invocation', 'label': 'end', 'context': [<snowplow_tracker.self_describing_json.SelfDescribingJson object at 0x103bdac20>, <snowplow_tracker.self_describing_json.SelfDescribingJson object at 0x10474e0b0>, <snowplow_tracker.self_describing_json.SelfDescribingJson object at 0x10474fdf0>]}
[0m19:39:54.515710 [debug] [MainThread]: Flushing usage events


============================== 2023-04-18 19:44:38.622883 | 67bd9839-29b6-489e-b443-847670401c5f ==============================
[0m19:44:38.622883 [info ] [MainThread]: Running with dbt=1.4.5
[0m19:44:38.623974 [debug] [MainThread]: running dbt with arguments {'write_json': True, 'use_colors': True, 'printer_width': 80, 'version_check': True, 'partial_parse': True, 'static_parser': True, 'profiles_dir': '/Users/sheel/.dbt', 'send_anonymous_usage_stats': True, 'quiet': False, 'no_print': False, 'cache_selected_only': False, 'config_dir': False, 'which': 'debug', 'indirect_selection': 'eager'}
[0m19:44:38.624097 [debug] [MainThread]: Tracking: tracking
[0m19:44:38.632337 [debug] [MainThread]: Sending event: {'category': 'dbt', 'action': 'invocation', 'label': 'start', 'context': [<snowplow_tracker.self_describing_json.SelfDescribingJson object at 0x105b728c0>, <snowplow_tracker.self_describing_json.SelfDescribingJson object at 0x105b72e30>, <snowplow_tracker.self_describing_json.SelfDescribingJson object at 0x105ba5c60>]}
[0m19:44:38.635829 [info ] [MainThread]: Error importing adapter: No module named 'dbt.adapters.bigquery'
[0m19:44:38.757335 [debug] [MainThread]: Executing "git --help"
[0m19:44:38.770180 [debug] [MainThread]: STDOUT: "b"usage: git [-v | --version] [-h | --help] [-C <path>] [-c <name>=<value>]\n           [--exec-path[=<path>]] [--html-path] [--man-path] [--info-path]\n           [-p | --paginate | -P | --no-pager] [--no-replace-objects] [--bare]\n           [--git-dir=<path>] [--work-tree=<path>] [--namespace=<name>]\n           [--config-env=<name>=<envvar>] <command> [<args>]\n\nThese are common Git commands used in various situations:\n\nstart a working area (see also: git help tutorial)\n   clone     Clone a repository into a new directory\n   init      Create an empty Git repository or reinitialize an existing one\n\nwork on the current change (see also: git help everyday)\n   add       Add file contents to the index\n   mv        Move or rename a file, a directory, or a symlink\n   restore   Restore working tree files\n   rm        Remove files from the working tree and from the index\n\nexamine the history and state (see also: git help revisions)\n   bisect    Use binary search to find the commit that introduced a bug\n   diff      Show changes between commits, commit and working tree, etc\n   grep      Print lines matching a pattern\n   log       Show commit logs\n   show      Show various types of objects\n   status    Show the working tree status\n\ngrow, mark and tweak your common history\n   branch    List, create, or delete branches\n   commit    Record changes to the repository\n   merge     Join two or more development histories together\n   rebase    Reapply commits on top of another base tip\n   reset     Reset current HEAD to the specified state\n   switch    Switch branches\n   tag       Create, list, delete or verify a tag object signed with GPG\n\ncollaborate (see also: git help workflows)\n   fetch     Download objects and refs from another repository\n   pull      Fetch from and integrate with another repository or a local branch\n   push      Update remote refs along with associated objects\n\n'git help -a' and 'git help -g' list available subcommands and some\nconcept guides. See 'git help <command>' or 'git help <concept>'\nto read about a specific subcommand or concept.\nSee 'git help git' for an overview of the system.\n""
[0m19:44:38.770545 [debug] [MainThread]: STDERR: "b''"
[0m19:44:38.770962 [debug] [MainThread]: Sending event: {'category': 'dbt', 'action': 'invocation', 'label': 'end', 'context': [<snowplow_tracker.self_describing_json.SelfDescribingJson object at 0x105b72e30>, <snowplow_tracker.self_describing_json.SelfDescribingJson object at 0x10674d960>, <snowplow_tracker.self_describing_json.SelfDescribingJson object at 0x10674fdf0>]}
[0m19:44:38.771240 [debug] [MainThread]: Flushing usage events


============================== 2023-04-18 19:46:46.887465 | 00cb33f4-b105-4178-ab02-4748a16a9737 ==============================
[0m19:46:46.887465 [info ] [MainThread]: Running with dbt=1.4.5
[0m19:46:46.888648 [debug] [MainThread]: running dbt with arguments {'write_json': True, 'use_colors': True, 'printer_width': 80, 'version_check': True, 'partial_parse': True, 'static_parser': True, 'profiles_dir': '/Users/sheel/.dbt', 'send_anonymous_usage_stats': True, 'quiet': False, 'no_print': False, 'cache_selected_only': False, 'config_dir': False, 'which': 'debug', 'indirect_selection': 'eager'}
[0m19:46:46.888791 [debug] [MainThread]: Tracking: tracking
[0m19:46:46.900505 [debug] [MainThread]: Sending event: {'category': 'dbt', 'action': 'invocation', 'label': 'start', 'context': [<snowplow_tracker.self_describing_json.SelfDescribingJson object at 0x1087528c0>, <snowplow_tracker.self_describing_json.SelfDescribingJson object at 0x108753070>, <snowplow_tracker.self_describing_json.SelfDescribingJson object at 0x108781ab0>]}
[0m19:46:46.904292 [info ] [MainThread]: Error importing adapter: No module named 'dbt.adapters.bigquery'
[0m19:46:47.105843 [debug] [MainThread]: Executing "git --help"
[0m19:46:47.118455 [debug] [MainThread]: STDOUT: "b"usage: git [-v | --version] [-h | --help] [-C <path>] [-c <name>=<value>]\n           [--exec-path[=<path>]] [--html-path] [--man-path] [--info-path]\n           [-p | --paginate | -P | --no-pager] [--no-replace-objects] [--bare]\n           [--git-dir=<path>] [--work-tree=<path>] [--namespace=<name>]\n           [--config-env=<name>=<envvar>] <command> [<args>]\n\nThese are common Git commands used in various situations:\n\nstart a working area (see also: git help tutorial)\n   clone     Clone a repository into a new directory\n   init      Create an empty Git repository or reinitialize an existing one\n\nwork on the current change (see also: git help everyday)\n   add       Add file contents to the index\n   mv        Move or rename a file, a directory, or a symlink\n   restore   Restore working tree files\n   rm        Remove files from the working tree and from the index\n\nexamine the history and state (see also: git help revisions)\n   bisect    Use binary search to find the commit that introduced a bug\n   diff      Show changes between commits, commit and working tree, etc\n   grep      Print lines matching a pattern\n   log       Show commit logs\n   show      Show various types of objects\n   status    Show the working tree status\n\ngrow, mark and tweak your common history\n   branch    List, create, or delete branches\n   commit    Record changes to the repository\n   merge     Join two or more development histories together\n   rebase    Reapply commits on top of another base tip\n   reset     Reset current HEAD to the specified state\n   switch    Switch branches\n   tag       Create, list, delete or verify a tag object signed with GPG\n\ncollaborate (see also: git help workflows)\n   fetch     Download objects and refs from another repository\n   pull      Fetch from and integrate with another repository or a local branch\n   push      Update remote refs along with associated objects\n\n'git help -a' and 'git help -g' list available subcommands and some\nconcept guides. See 'git help <command>' or 'git help <concept>'\nto read about a specific subcommand or concept.\nSee 'git help git' for an overview of the system.\n""
[0m19:46:47.118833 [debug] [MainThread]: STDERR: "b''"
[0m19:46:47.119144 [debug] [MainThread]: Sending event: {'category': 'dbt', 'action': 'invocation', 'label': 'end', 'context': [<snowplow_tracker.self_describing_json.SelfDescribingJson object at 0x108753070>, <snowplow_tracker.self_describing_json.SelfDescribingJson object at 0x10903e0b0>, <snowplow_tracker.self_describing_json.SelfDescribingJson object at 0x10903f6a0>]}
[0m19:46:47.119402 [debug] [MainThread]: Flushing usage events


============================== 2023-04-18 19:51:04.502261 | eab50db3-c59a-4e0e-aef3-4958a9d33e39 ==============================
[0m19:51:04.502261 [info ] [MainThread]: Running with dbt=1.4.5
[0m19:51:04.503356 [debug] [MainThread]: running dbt with arguments {'write_json': True, 'use_colors': True, 'printer_width': 80, 'version_check': True, 'partial_parse': True, 'static_parser': True, 'profiles_dir': '/Users/sheel/.dbt', 'send_anonymous_usage_stats': True, 'quiet': False, 'no_print': False, 'cache_selected_only': False, 'config_dir': False, 'which': 'debug', 'indirect_selection': 'eager'}
[0m19:51:04.503482 [debug] [MainThread]: Tracking: tracking
[0m19:51:04.519872 [debug] [MainThread]: Sending event: {'category': 'dbt', 'action': 'invocation', 'label': 'start', 'context': [<snowplow_tracker.self_describing_json.SelfDescribingJson object at 0x103e11db0>, <snowplow_tracker.self_describing_json.SelfDescribingJson object at 0x103e12a10>, <snowplow_tracker.self_describing_json.SelfDescribingJson object at 0x103e12ad0>]}
[0m19:51:04.726674 [debug] [MainThread]: Executing "git --help"
[0m19:51:04.742001 [debug] [MainThread]: STDOUT: "b"usage: git [-v | --version] [-h | --help] [-C <path>] [-c <name>=<value>]\n           [--exec-path[=<path>]] [--html-path] [--man-path] [--info-path]\n           [-p | --paginate | -P | --no-pager] [--no-replace-objects] [--bare]\n           [--git-dir=<path>] [--work-tree=<path>] [--namespace=<name>]\n           [--config-env=<name>=<envvar>] <command> [<args>]\n\nThese are common Git commands used in various situations:\n\nstart a working area (see also: git help tutorial)\n   clone     Clone a repository into a new directory\n   init      Create an empty Git repository or reinitialize an existing one\n\nwork on the current change (see also: git help everyday)\n   add       Add file contents to the index\n   mv        Move or rename a file, a directory, or a symlink\n   restore   Restore working tree files\n   rm        Remove files from the working tree and from the index\n\nexamine the history and state (see also: git help revisions)\n   bisect    Use binary search to find the commit that introduced a bug\n   diff      Show changes between commits, commit and working tree, etc\n   grep      Print lines matching a pattern\n   log       Show commit logs\n   show      Show various types of objects\n   status    Show the working tree status\n\ngrow, mark and tweak your common history\n   branch    List, create, or delete branches\n   commit    Record changes to the repository\n   merge     Join two or more development histories together\n   rebase    Reapply commits on top of another base tip\n   reset     Reset current HEAD to the specified state\n   switch    Switch branches\n   tag       Create, list, delete or verify a tag object signed with GPG\n\ncollaborate (see also: git help workflows)\n   fetch     Download objects and refs from another repository\n   pull      Fetch from and integrate with another repository or a local branch\n   push      Update remote refs along with associated objects\n\n'git help -a' and 'git help -g' list available subcommands and some\nconcept guides. See 'git help <command>' or 'git help <concept>'\nto read about a specific subcommand or concept.\nSee 'git help git' for an overview of the system.\n""
[0m19:51:04.742404 [debug] [MainThread]: STDERR: "b''"
[0m19:51:04.754364 [debug] [MainThread]: Acquiring new snowflake connection 'debug'
[0m19:51:04.754997 [debug] [MainThread]: Using snowflake connection "debug"
[0m19:51:04.755126 [debug] [MainThread]: On debug: select 1 as id
[0m19:51:04.755253 [debug] [MainThread]: Opening a new connection, currently in state init
[0m19:51:23.671768 [debug] [MainThread]: Flushing usage events
[0m19:51:23.880607 [debug] [MainThread]: Connection 'debug' was properly closed.
[0m19:51:23.881789 [info ] [MainThread]: ctrl-c


============================== 2023-04-18 20:04:06.384321 | 5b993f74-83cd-4fd6-aece-7504b74f3537 ==============================
[0m20:04:06.384321 [info ] [MainThread]: Running with dbt=1.4.5
[0m20:04:06.385286 [debug] [MainThread]: running dbt with arguments {'write_json': True, 'use_colors': True, 'printer_width': 80, 'version_check': True, 'partial_parse': True, 'static_parser': True, 'profiles_dir': '/Users/sheel/.dbt', 'send_anonymous_usage_stats': True, 'quiet': False, 'no_print': False, 'cache_selected_only': False, 'config_dir': False, 'which': 'debug', 'indirect_selection': 'eager'}
[0m20:04:06.385382 [debug] [MainThread]: Tracking: tracking
[0m20:04:06.395954 [debug] [MainThread]: Sending event: {'category': 'dbt', 'action': 'invocation', 'label': 'start', 'context': [<snowplow_tracker.self_describing_json.SelfDescribingJson object at 0x1062b5b40>, <snowplow_tracker.self_describing_json.SelfDescribingJson object at 0x1062b6a10>, <snowplow_tracker.self_describing_json.SelfDescribingJson object at 0x1062b6ad0>]}
[0m20:04:06.588807 [debug] [MainThread]: Executing "git --help"
[0m20:04:06.593630 [debug] [MainThread]: STDOUT: "b"usage: git [-v | --version] [-h | --help] [-C <path>] [-c <name>=<value>]\n           [--exec-path[=<path>]] [--html-path] [--man-path] [--info-path]\n           [-p | --paginate | -P | --no-pager] [--no-replace-objects] [--bare]\n           [--git-dir=<path>] [--work-tree=<path>] [--namespace=<name>]\n           [--config-env=<name>=<envvar>] <command> [<args>]\n\nThese are common Git commands used in various situations:\n\nstart a working area (see also: git help tutorial)\n   clone     Clone a repository into a new directory\n   init      Create an empty Git repository or reinitialize an existing one\n\nwork on the current change (see also: git help everyday)\n   add       Add file contents to the index\n   mv        Move or rename a file, a directory, or a symlink\n   restore   Restore working tree files\n   rm        Remove files from the working tree and from the index\n\nexamine the history and state (see also: git help revisions)\n   bisect    Use binary search to find the commit that introduced a bug\n   diff      Show changes between commits, commit and working tree, etc\n   grep      Print lines matching a pattern\n   log       Show commit logs\n   show      Show various types of objects\n   status    Show the working tree status\n\ngrow, mark and tweak your common history\n   branch    List, create, or delete branches\n   commit    Record changes to the repository\n   merge     Join two or more development histories together\n   rebase    Reapply commits on top of another base tip\n   reset     Reset current HEAD to the specified state\n   switch    Switch branches\n   tag       Create, list, delete or verify a tag object signed with GPG\n\ncollaborate (see also: git help workflows)\n   fetch     Download objects and refs from another repository\n   pull      Fetch from and integrate with another repository or a local branch\n   push      Update remote refs along with associated objects\n\n'git help -a' and 'git help -g' list available subcommands and some\nconcept guides. See 'git help <command>' or 'git help <concept>'\nto read about a specific subcommand or concept.\nSee 'git help git' for an overview of the system.\n""
[0m20:04:06.594072 [debug] [MainThread]: STDERR: "b''"
[0m20:04:06.598947 [debug] [MainThread]: Acquiring new snowflake connection 'debug'
[0m20:04:06.599581 [debug] [MainThread]: Using snowflake connection "debug"
[0m20:04:06.599717 [debug] [MainThread]: On debug: select 1 as id
[0m20:04:06.599845 [debug] [MainThread]: Opening a new connection, currently in state init
[0m20:06:08.879508 [debug] [MainThread]: Snowflake adapter: Error running SQL: select 1 as id
[0m20:06:08.880195 [debug] [MainThread]: Snowflake adapter: Rolling back transaction.
[0m20:06:08.880668 [debug] [MainThread]: On debug: No close available on handle
[0m20:06:08.881383 [debug] [MainThread]: Sending event: {'category': 'dbt', 'action': 'invocation', 'label': 'end', 'context': [<snowplow_tracker.self_describing_json.SelfDescribingJson object at 0x106c22800>, <snowplow_tracker.self_describing_json.SelfDescribingJson object at 0x106c22c80>, <snowplow_tracker.self_describing_json.SelfDescribingJson object at 0x106c22b90>]}
[0m20:06:08.882011 [debug] [MainThread]: Flushing usage events
[0m20:06:09.077807 [debug] [MainThread]: Connection 'debug' was properly closed.


============================== 2023-04-18 20:08:12.849716 | 76d554fb-9cef-4830-9210-24bf15adc0a8 ==============================
[0m20:08:12.849716 [info ] [MainThread]: Running with dbt=1.4.5
[0m20:08:12.850647 [debug] [MainThread]: running dbt with arguments {'write_json': True, 'use_colors': True, 'printer_width': 80, 'version_check': True, 'partial_parse': True, 'static_parser': True, 'profiles_dir': '/Users/sheel/.dbt', 'send_anonymous_usage_stats': True, 'quiet': False, 'no_print': False, 'cache_selected_only': False, 'config_dir': False, 'which': 'debug', 'indirect_selection': 'eager'}
[0m20:08:12.850765 [debug] [MainThread]: Tracking: tracking
[0m20:08:12.861221 [debug] [MainThread]: Sending event: {'category': 'dbt', 'action': 'invocation', 'label': 'start', 'context': [<snowplow_tracker.self_describing_json.SelfDescribingJson object at 0x1041bde40>, <snowplow_tracker.self_describing_json.SelfDescribingJson object at 0x1041be980>, <snowplow_tracker.self_describing_json.SelfDescribingJson object at 0x1041bea40>]}
[0m20:08:13.109535 [debug] [MainThread]: Executing "git --help"
[0m20:08:13.130575 [debug] [MainThread]: STDOUT: "b"usage: git [-v | --version] [-h | --help] [-C <path>] [-c <name>=<value>]\n           [--exec-path[=<path>]] [--html-path] [--man-path] [--info-path]\n           [-p | --paginate | -P | --no-pager] [--no-replace-objects] [--bare]\n           [--git-dir=<path>] [--work-tree=<path>] [--namespace=<name>]\n           [--config-env=<name>=<envvar>] <command> [<args>]\n\nThese are common Git commands used in various situations:\n\nstart a working area (see also: git help tutorial)\n   clone     Clone a repository into a new directory\n   init      Create an empty Git repository or reinitialize an existing one\n\nwork on the current change (see also: git help everyday)\n   add       Add file contents to the index\n   mv        Move or rename a file, a directory, or a symlink\n   restore   Restore working tree files\n   rm        Remove files from the working tree and from the index\n\nexamine the history and state (see also: git help revisions)\n   bisect    Use binary search to find the commit that introduced a bug\n   diff      Show changes between commits, commit and working tree, etc\n   grep      Print lines matching a pattern\n   log       Show commit logs\n   show      Show various types of objects\n   status    Show the working tree status\n\ngrow, mark and tweak your common history\n   branch    List, create, or delete branches\n   commit    Record changes to the repository\n   merge     Join two or more development histories together\n   rebase    Reapply commits on top of another base tip\n   reset     Reset current HEAD to the specified state\n   switch    Switch branches\n   tag       Create, list, delete or verify a tag object signed with GPG\n\ncollaborate (see also: git help workflows)\n   fetch     Download objects and refs from another repository\n   pull      Fetch from and integrate with another repository or a local branch\n   push      Update remote refs along with associated objects\n\n'git help -a' and 'git help -g' list available subcommands and some\nconcept guides. See 'git help <command>' or 'git help <concept>'\nto read about a specific subcommand or concept.\nSee 'git help git' for an overview of the system.\n""
[0m20:08:13.131300 [debug] [MainThread]: STDERR: "b''"
[0m20:08:13.139467 [debug] [MainThread]: Acquiring new snowflake connection 'debug'
[0m20:08:13.141071 [debug] [MainThread]: Using snowflake connection "debug"
[0m20:08:13.141418 [debug] [MainThread]: On debug: select 1 as id
[0m20:08:13.141573 [debug] [MainThread]: Opening a new connection, currently in state init
[0m20:08:13.902014 [debug] [MainThread]: SQL status: SUCCESS 1 in 1 seconds
[0m20:08:13.904453 [debug] [MainThread]: On debug: Close
[0m20:08:14.661750 [debug] [MainThread]: Sending event: {'category': 'dbt', 'action': 'invocation', 'label': 'end', 'context': [<snowplow_tracker.self_describing_json.SelfDescribingJson object at 0x1043f1450>, <snowplow_tracker.self_describing_json.SelfDescribingJson object at 0x104aab250>, <snowplow_tracker.self_describing_json.SelfDescribingJson object at 0x104aabbe0>]}
[0m20:08:14.662513 [debug] [MainThread]: Flushing usage events
[0m20:08:14.863148 [debug] [MainThread]: Connection 'debug' was properly closed.
